<?xml version="1.0" encoding="UTF-8"?>
<!-- Generated by org.testng.reporters.JUnitReportReporter -->
<testsuite skipped="0" hostname="E0452666" name="SampleNormalTests.SampleTest" tests="1" failures="0" timestamp="2020-03-15T19:51:49 EET" time="0.009" errors="0">
  <testcase name="searchTest" time="0.009" classname="SampleNormalTests.SampleTest"/>
</testsuite> <!-- SampleNormalTests.SampleTest -->
