<?xml version="1.0" encoding="UTF-8"?>
<!-- Generated by org.testng.reporters.JUnitReportReporter -->
<testsuite skipped="0" hostname="E0452666" name="Demo.APIDemo" tests="1" failures="0" timestamp="2020-03-16T00:43:21 EET" time="2.303" errors="0">
  <testcase name="test_NumberOfCircuitsFor2017Season_ShouldBe20" time="2.303" classname="Demo.APIDemo"/>
</testsuite> <!-- Demo.APIDemo -->
