<?xml version="1.0" encoding="UTF-8"?>
<!-- Generated by org.testng.reporters.JUnitReportReporter -->
<testsuite skipped="0" hostname="E0452666" name="Demo.GetValidTicketStatusAPI" tests="1" failures="0" timestamp="2020-03-19T11:33:32 EET" time="2.038" errors="0">
  <testcase name="getValidTicketStatus" time="2.038" classname="Demo.GetValidTicketStatusAPI"/>
</testsuite> <!-- Demo.GetValidTicketStatusAPI -->
